<?xml version="1.0" encoding="UTF-8"?>
<testsuites name="Mocha Tests" time="0.034" tests="1" failures="1">
  <testsuite name="Root Suite" timestamp="2018-02-15T10:56:36" tests="0" failures="0" time="0">
  </testsuite>
  <testsuite name="CodePush Cordova Plugin" timestamp="2018-02-15T10:56:36" tests="0" file="/Volumes/Macintosh HD-1/Users/TOYS/projects/Microsoft/cordova-plugin-code-push/bin/test/test.js" failures="0" time="0">
  </testsuite>
  <testsuite name="Setting Up For Tests" timestamp="2018-02-15T10:56:36" tests="1" file="/Volumes/Macintosh HD-1/Users/TOYS/projects/Microsoft/cordova-plugin-code-push/bin/test/test.js" failures="1" time="0.034">
    <testcase name="CodePush Cordova Plugin Setting Up For Tests sets up tests correctly" time="0.034" classname="sets up tests correctly">
      <failure><![CDATA[Error: Command failed: cordova create /var/folders/wh/l3chv97x46xfd40rybp4pq5c0000gp/T/cordova-plugin-code-push/test-run com.microsoft.codepush.test CodePushTest --template /Volumes/Macintosh HD-1/Users/TOYS/projects/Microsoft/cordova-plugin-code-push/test/template
/bin/sh: cordova: command not found

    at ChildProcess.exithandler (child_process.js:272:12)
    at maybeClose (internal/child_process.js:943:16)
    at Socket.stream.socket.on (internal/child_process.js:363:11)
    at Pipe._handle.close [as _onclose] (net.js:562:12)]]></failure>
    </testcase>
  </testsuite>
</testsuites>